0 info it worked if it ends with ok
1 verbose cli [ '/usr/local/bin/node', '/usr/local/bin/npm', 'start' ]
2 info using npm@3.10.3
3 info using node@v6.4.0
4 verbose run-script [ 'prestart', 'start', 'poststart' ]
5 info lifecycle gatsby-starter-netlify-cms@1.1.3~prestart: gatsby-starter-netlify-cms@1.1.3
6 silly lifecycle gatsby-starter-netlify-cms@1.1.3~prestart: no script for prestart, continuing
7 info lifecycle gatsby-starter-netlify-cms@1.1.3~start: gatsby-starter-netlify-cms@1.1.3
8 verbose lifecycle gatsby-starter-netlify-cms@1.1.3~start: unsafe-perm in lifecycle true
9 verbose lifecycle gatsby-starter-netlify-cms@1.1.3~start: PATH: /usr/local/lib/node_modules/npm/bin/node-gyp-bin:/Users/pychen007/Documents/Development/git/us-credit-guy-gatsby/node_modules/.bin:/usr/local/bin:/bin:/sbin:/usr/bin:/usr/local/sbin:/usr/local/bin:/Users/pychen007/miniconda3/bin:/Users/pychen007/anaconda/bin:/Applications/Postgres.app/Contents/Versions/latest/bin:/Users/pychen007/.rvm/gems/ruby-2.1.1/bin:/Users/pychen007/.rvm/gems/ruby-2.1.1@global/bin:/Users/pychen007/.rvm/rubies/ruby-2.1.1/bin:/usr/local/bin:/usr/bin:/bin:/usr/sbin:/sbin:/opt/X11/bin:/Users/pychen007/.rvm/bin
10 verbose lifecycle gatsby-starter-netlify-cms@1.1.3~start: CWD: /Users/pychen007/Documents/Development/git/us-credit-guy-gatsby
11 silly lifecycle gatsby-starter-netlify-cms@1.1.3~start: Args: [ '-c', 'run-p start:**' ]
12 silly lifecycle gatsby-starter-netlify-cms@1.1.3~start: Returned: code: 1  signal: null
13 info lifecycle gatsby-starter-netlify-cms@1.1.3~start: Failed to exec start script
14 verbose stack Error: gatsby-starter-netlify-cms@1.1.3 start: `run-p start:**`
14 verbose stack Exit status 1
14 verbose stack     at EventEmitter.<anonymous> (/usr/local/lib/node_modules/npm/lib/utils/lifecycle.js:242:16)
14 verbose stack     at emitTwo (events.js:106:13)
14 verbose stack     at EventEmitter.emit (events.js:191:7)
14 verbose stack     at ChildProcess.<anonymous> (/usr/local/lib/node_modules/npm/lib/utils/spawn.js:40:14)
14 verbose stack     at emitTwo (events.js:106:13)
14 verbose stack     at ChildProcess.emit (events.js:191:7)
14 verbose stack     at maybeClose (internal/child_process.js:852:16)
14 verbose stack     at Process.ChildProcess._handle.onexit (internal/child_process.js:215:5)
15 verbose pkgid gatsby-starter-netlify-cms@1.1.3
16 verbose cwd /Users/pychen007/Documents/Development/git/us-credit-guy-gatsby
17 error Darwin 17.7.0
18 error argv "/usr/local/bin/node" "/usr/local/bin/npm" "start"
19 error node v6.4.0
20 error npm  v3.10.3
21 error code ELIFECYCLE
22 error gatsby-starter-netlify-cms@1.1.3 start: `run-p start:**`
22 error Exit status 1
23 error Failed at the gatsby-starter-netlify-cms@1.1.3 start script 'run-p start:**'.
23 error Make sure you have the latest version of node.js and npm installed.
23 error If you do, this is most likely a problem with the gatsby-starter-netlify-cms package,
23 error not with npm itself.
23 error Tell the author that this fails on your system:
23 error     run-p start:**
23 error You can get information on how to open an issue for this project with:
23 error     npm bugs gatsby-starter-netlify-cms
23 error Or if that isn't available, you can get their info via:
23 error     npm owner ls gatsby-starter-netlify-cms
23 error There is likely additional logging output above.
24 verbose exit [ 1, true ]
